{"D:\\code-base\\take-home-tfl\\ui\\src\\App.tsx": {"path":"D:\\code-base\\take-home-tfl\\ui\\src\\App.tsx","statementMap":{"0":{"start":{"line":1,"column":0},"end":{"line":1,"column":33}},"1":{"start":{"line":2,"column":0},"end":{"line":2,"column":51}},"2":{"start":{"line":4,"column":0},"end":{"line":4,"column":43}},"3":{"start":{"line":5,"column":0},"end":{"line":5,"column":19}},"4":{"start":{"line":6,"column":0},"end":{"line":6,"column":26}},"5":{"start":{"line":24,"column":29},"end":{"line":70,"column":1}},"6":{"start":{"line":25,"column":28},"end":{"line":25,"column":39}},"7":{"start":{"line":27,"column":21},"end":{"line":31,"column":4}},"8":{"start":{"line":32,"column":30},"end":{"line":32,"column":68}},"9":{"start":{"line":34,"column":26},"end":{"line":40,"column":3}},"10":{"start":{"line":35,"column":4},"end":{"line":35,"column":16}},"11":{"start":{"line":36,"column":4},"end":{"line":36,"column":24}},"12":{"start":{"line":37,"column":4},"end":{"line":37,"column":20}},"13":{"start":{"line":39,"column":4},"end":{"line":39,"column":16}},"14":{"start":{"line":41,"column":2},"end":{"line":69,"column":4}},"15":{"start":{"line":53,"column":72},"end":{"line":53,"column":89}},"16":{"start":{"line":72,"column":0},"end":{"line":72,"column":19}}},"fnMap":{"0":{"name":"(anonymous_0)","decl":{"start":{"line":24,"column":29},"end":{"line":24,"column":39}},"loc":{"start":{"line":24,"column":65},"end":{"line":70,"column":1}}},"1":{"name":"(anonymous_1)","decl":{"start":{"line":34,"column":26},"end":{"line":34,"column":31}},"loc":{"start":{"line":34,"column":37},"end":{"line":40,"column":3}}},"2":{"name":"(anonymous_2)","decl":{"start":{"line":53,"column":66},"end":{"line":53,"column":69}},"loc":{"start":{"line":53,"column":72},"end":{"line":53,"column":89}}}},"branchMap":{"0":{"loc":{"start":{"line":61,"column":11},"end":{"line":61,"column":49}},"type":"binary-expr","locations":[{"start":{"line":61,"column":11},"end":{"line":61,"column":38}},{"start":{"line":61,"column":42},"end":{"line":61,"column":49}}]}},"s":{"0":2,"1":2,"2":2,"3":2,"4":2,"5":2,"6":5,"7":5,"8":5,"9":5,"10":2,"11":2,"12":2,"13":1,"14":5,"15":2,"16":2},"f":{"0":5,"1":2,"2":2},"b":{"0":[5,4]}}
,"D:\\code-base\\take-home-tfl\\ui\\src\\main.tsx": {"path":"D:\\code-base\\take-home-tfl\\ui\\src\\main.tsx","statementMap":{"0":{"start":{"line":2,"column":0},"end":{"line":2,"column":40}},"1":{"start":{"line":3,"column":0},"end":{"line":3,"column":93}},"2":{"start":{"line":4,"column":0},"end":{"line":4,"column":57}},"3":{"start":{"line":6,"column":0},"end":{"line":6,"column":24}},"4":{"start":{"line":7,"column":0},"end":{"line":7,"column":21}},"5":{"start":{"line":9,"column":17},"end":{"line":11,"column":2}},"6":{"start":{"line":13,"column":17},"end":{"line":23,"column":2}},"7":{"start":{"line":15,"column":16},"end":{"line":15,"column":45}},"8":{"start":{"line":17,"column":2},"end":{"line":22,"column":4}},"9":{"start":{"line":25,"column":15},"end":{"line":29,"column":2}},"10":{"start":{"line":31,"column":0},"end":{"line":35,"column":2}}},"fnMap":{"0":{"name":"(anonymous_0)","decl":{"start":{"line":13,"column":28},"end":{"line":13,"column":29}},"loc":{"start":{"line":13,"column":47},"end":{"line":23,"column":1}}},"1":{"name":"(anonymous_1)","decl":{"start":{"line":33,"column":20},"end":{"line":33,"column":23}},"loc":{"start":{"line":33,"column":25},"end":{"line":33,"column":28}}}},"branchMap":{"0":{"loc":{"start":{"line":20,"column":21},"end":{"line":20,"column":57}},"type":"cond-expr","locations":[{"start":{"line":20,"column":29},"end":{"line":20,"column":46}},{"start":{"line":20,"column":49},"end":{"line":20,"column":57}}]}},"s":{"0":0,"1":0,"2":0,"3":0,"4":0,"5":0,"6":0,"7":0,"8":0,"9":0,"10":0},"f":{"0":0,"1":0},"b":{"0":[0,0]}}
,"D:\\code-base\\take-home-tfl\\ui\\src\\vite-env.d.ts": {"path":"D:\\code-base\\take-home-tfl\\ui\\src\\vite-env.d.ts","statementMap":{},"fnMap":{},"branchMap":{},"s":{},"f":{},"b":{}}
}
