TN:
SF:src\App.tsx
FN:24,(anonymous_0)
FN:34,(anonymous_1)
FN:53,(anonymous_2)
FNF:3
FNH:3
FNDA:5,(anonymous_0)
FNDA:2,(anonymous_1)
FNDA:2,(anonymous_2)
DA:1,2
DA:2,2
DA:4,2
DA:5,2
DA:6,2
DA:24,2
DA:25,5
DA:27,5
DA:32,5
DA:34,5
DA:35,2
DA:36,2
DA:37,2
DA:39,1
DA:41,5
DA:53,2
DA:72,2
LF:17
LH:17
BRDA:61,0,0,5
BRDA:61,0,1,4
BRF:2
BRH:2
end_of_record
TN:
SF:src\main.tsx
FN:13,(anonymous_0)
FN:33,(anonymous_1)
FNF:2
FNH:0
FNDA:0,(anonymous_0)
FNDA:0,(anonymous_1)
DA:2,0
DA:3,0
DA:4,0
DA:6,0
DA:7,0
DA:9,0
DA:13,0
DA:15,0
DA:17,0
DA:25,0
DA:31,0
LF:11
LH:0
BRDA:20,0,0,0
BRDA:20,0,1,0
BRF:2
BRH:0
end_of_record
TN:
SF:src\vite-env.d.ts
FNF:0
FNH:0
LF:0
LH:0
BRF:0
BRH:0
end_of_record
